2026-05-22 22:39:28,693 - INFO - ========== STARTING TEST ==========
2026-05-22 22:39:32,324 - INFO - OPENING MAKEMYTRIP WEBSITE
2026-05-22 22:39:46,488 - INFO - CURRENT URL: https://www.makemytrip.com/bus-tickets/
2026-05-22 22:39:46,492 - INFO - STARTING E2E FLOW
2026-05-22 22:39:46,492 - INFO - STARTING BUS SEARCH
2026-05-22 22:39:48,572 - INFO - LOGIN POPUP CLOSED
2026-05-22 22:39:54,602 - INFO - BUS TAB ISSUE: Message: 
Stacktrace:
	uc_driver!GetHandleVerifier [0x7ff7cec01e35+2e8d45]
	uc_driver!GetHandleVerifier [0x7ff7ce92e6c0+155d0]
	uc_driver!(No symbol) [0x7ff7ce67d57d]
	uc_driver!(No symbol) [0x7ff7ce6d767e]
	uc_driver!(No symbol) [0x7ff7ce6d798c]
	uc_driver!(No symbol) [0x7ff7ce7280c7]
	uc_driver!(No symbol) [0x7ff7ce724c63]
	uc_driver!(No symbol) [0x7ff7ce6c9d58]
	uc_driver!(No symbol) [0x7ff7ce6cac43]
	uc_driver!GetHandleVerifier [0x7ff7cec2dab9+3149c9]
	uc_driver!GetHandleVerifier [0x7ff7cec2802b+30ef3b]
	uc_driver!GetHandleVerifier [0x7ff7cec4c872+333782]
	uc_driver!GetHandleVerifier [0x7ff7ce94b785+32695]
	uc_driver!GetHandleVerifier [0x7ff7ce9542bc+3b1cc]
	uc_driver!GetHandleVerifier [0x7ff7ce937f24+1ee34]
	uc_driver!GetHandleVerifier [0x7ff7ce9380b4+1efc4]
	uc_driver!GetHandleVerifier [0x7ff7ce91bf27+2e37]
	KERNEL32!BaseThreadInitThunk [0x7ffd7462e957+17]
	ntdll!RtlUserThreadStart [0x7ffd765a427c+2c]

2026-05-22 22:39:54,603 - INFO - FROM CITY: Lucknow
2026-05-22 22:39:54,659 - INFO - CLICKED FIELD: Lucknow
2026-05-22 22:40:01,178 - INFO - TYPED CITY: Lucknow
2026-05-22 22:40:04,275 - INFO - SELECTED CITY: Lucknow
2026-05-22 22:40:06,276 - INFO - TO CITY: Delhi
2026-05-22 22:40:06,311 - INFO - CLICKED FIELD: Delhi
2026-05-22 22:40:12,078 - INFO - TYPED CITY: Delhi
2026-05-22 22:40:15,159 - INFO - SELECTED CITY: Delhi
2026-05-22 22:40:18,240 - INFO - DATE BOX CLICKED
2026-05-22 22:40:20,301 - INFO - DATE SELECTED
2026-05-22 22:40:24,303 - INFO - CLICKING SEARCH BUTTON
2026-05-22 22:40:33,632 - INFO - SEARCH BUTTON CLICKED SUCCESSFULLY
2026-05-22 22:40:43,633 - INFO - BUS SEARCH COMPLETED
2026-05-22 22:40:43,641 - INFO - SEARCH PAGE URL VERIFIED
2026-05-22 22:40:43,641 - INFO - POM LOG: BasePage initialized
2026-05-22 22:40:43,642 - INFO - POM LOG: VERIFYING RESULTS PAGE
2026-05-22 22:40:46,654 - INFO - POM LOG: SEARCH RESULTS CONTAINER VALIDATED
2026-05-22 22:40:46,655 - INFO - POM LOG: APPLYING AC FILTER
2026-05-22 22:40:48,256 - INFO - POM LOG: AC FILTER DEPLOYED NATIVELY
2026-05-22 22:40:52,257 - INFO - POM LOG: OPENING SEAT MAP FOR TOP COM-ROW
2026-05-22 22:40:53,852 - INFO - POM LOG: SEAT OPTIONS POPULATED NATIVELY
2026-05-22 22:40:56,853 - INFO - POM LOG: SELECTING SEAT, BOARDING, AND DROPPING POINTS
2026-05-22 22:40:56,853 - INFO - POM LOG: SEARCHING FOR ANY AVAILABLE VACANT SEAT
2026-05-22 22:40:58,912 - INFO - POM LOG: VACANT SEAT AT INDEX 0 SUCCESSFULLY SELECTED
2026-05-22 22:40:59,007 - INFO - POM LOG: BOARDING POINT SELECTED NATIVELY
2026-05-22 22:41:00,591 - INFO - POM LOG: DROPPING POINT SELECTED NATIVELY
2026-05-22 22:41:02,592 - INFO - POM LOG: LOCATING ACTIVE CONTINUE ELEMENT
2026-05-22 22:41:09,776 - INFO - POM LOG: ACTIVE CONTINUE BUTTON EXECUTION SUCCESSFUL
2026-05-22 22:41:14,778 - INFO - ASSERTING BOOKING PAGE HEADER
2026-05-22 22:41:14,813 - INFO - HEADER FOUND : Complete your booking
2026-05-22 22:41:14,814 - INFO - BOOKING PAGE VERIFIED
2026-05-22 22:41:14,814 - INFO - POM LOG: BasePage initialized
2026-05-22 22:41:14,814 - INFO - POM LOG: INITIALIZING TRAVELLER DETAILS FORM SECTIONS
2026-05-22 22:41:15,950 - INFO - POM LOG: TRAVELLER NAME COMMITTED -> Ayush Jaiswal
2026-05-22 22:41:16,098 - INFO - POM LOG: TRAVELLER AGE COMMITTED -> 24
2026-05-22 22:41:17,136 - INFO - POM LOG: GENDER MATCH SELECTION DEPLOYED -> male
2026-05-22 22:41:18,637 - INFO - POM LOG: INITIALIZING CONTACT DETAILS FORM SECTIONS
2026-05-22 22:41:19,765 - INFO - POM LOG: CONTACT EMAIL ADDRESS STRINGS ASSIGNED -> ayush@gmail.com
2026-05-22 22:41:21,870 - INFO - POM LOG: CONTACT MOBILE NUMBER STRINGS ASSIGNED -> 9696850136
2026-05-22 22:41:23,370 - INFO - POM LOG: DISPATCHING MANDATORY EXPLICIT CHECKBOX FORM LAYERS
2026-05-22 22:41:24,405 - INFO - POM LOG: BILLING SAVE COMPLIANCE PARSED SUCCESSFULLY
2026-05-22 22:41:26,955 - INFO - POM LOG: TRIPASSURED DISMISS SELECTION PARSED SUCCESSFULLY
2026-05-22 22:41:30,532 - INFO - POM LOG: REVEAL PAYMENT OPTIONS DISPATCH STEP COMPLETE
2026-05-22 22:41:35,533 - INFO - PASSENGER DETAILS SUBMITTED
2026-05-22 22:41:35,534 - INFO - OPENING PAYMENT PAGE
2026-05-22 22:41:38,752 - INFO - PAYMENT PAGE OPENED
2026-05-22 22:41:38,757 - INFO - PAYMENT PAGE VERIFIED
2026-05-22 22:41:38,758 - INFO - POM LOG: BasePage initialized
2026-05-22 22:41:38,758 - INFO - POM LOG: LOCATING CREDIT/DEBIT CARD PAYMENT TAB
2026-05-22 22:41:44,809 - INFO - POM LOG: CREDIT/DEBIT CARD TAB SELECTED SUCCESSFULLY
2026-05-22 22:41:46,811 - INFO - POM LOG: INITIALIZING CARD DETAILS INJECTION
2026-05-22 22:41:46,947 - INFO - POM LOG: CARD NUMBER COMMITTED
2026-05-22 22:41:48,047 - INFO - POM LOG: EXPIRY MONTH COMMITTED -> 12
2026-05-22 22:41:48,626 - INFO - POM LOG: EXPIRY YEAR COMMITTED -> 28
2026-05-22 22:41:49,193 - INFO - POM LOG: CVV COMMITTED
2026-05-22 22:41:49,793 - INFO - POM LOG: CARD HOLDER NAME COMMITTED
2026-05-22 22:41:50,794 - INFO - POM LOG: ALL DUMMY PAYMENT DETAILS INJECTED SUCCESSFULLY. END OF E2E FLOW REACHED.
2026-05-22 22:41:53,795 - INFO - PAYMENT DETAILS ENTERED SUCCESSFULLY
2026-05-22 22:41:58,797 - INFO - E2E FLOW COMPLETED
2026-05-22 22:41:58,798 - INFO - TEST PASSED - CAPTURING SCREENSHOT
2026-05-22 22:41:58,896 - INFO - SCREENSHOT SAVED : reports/screenshots/test_complete_bus_booking_flow[booking0]_PASS_20260522_224158.png
2026-05-22 22:41:58,905 - INFO - ========== CLOSING TEST ==========
2026-05-22 22:42:01,398 - INFO - BROWSER CLOSED SUCCESSFULLY
